\BOOKMARK [0][-]{chapter.1}{\376\377\000N\000a\000m\000e\000s\000p\000a\000c\000e\000\040\000I\000n\000d\000e\000x}{}
\BOOKMARK [1][-]{section.1.1}{\376\377\000N\000a\000m\000e\000s\000p\000a\000c\000e\000\040\000L\000i\000s\000t}{chapter.1}
\BOOKMARK [0][-]{chapter.2}{\376\377\000C\000l\000a\000s\000s\000\040\000I\000n\000d\000e\000x}{}
\BOOKMARK [1][-]{section.2.1}{\376\377\000C\000l\000a\000s\000s\000\040\000L\000i\000s\000t}{chapter.2}
\BOOKMARK [0][-]{chapter.3}{\376\377\000F\000i\000l\000e\000\040\000I\000n\000d\000e\000x}{}
\BOOKMARK [1][-]{section.3.1}{\376\377\000F\000i\000l\000e\000\040\000L\000i\000s\000t}{chapter.3}
\BOOKMARK [0][-]{chapter.4}{\376\377\000N\000a\000m\000e\000s\000p\000a\000c\000e\000\040\000D\000o\000c\000u\000m\000e\000n\000t\000a\000t\000i\000o\000n}{}
\BOOKMARK [1][-]{section.4.1}{\376\377\000l\000b\000\040\000N\000a\000m\000e\000s\000p\000a\000c\000e\000\040\000R\000e\000f\000e\000r\000e\000n\000c\000e}{chapter.4}
\BOOKMARK [2][-]{subsection.4.1.1}{\376\377\000D\000e\000t\000a\000i\000l\000e\000d\000\040\000D\000e\000s\000c\000r\000i\000p\000t\000i\000o\000n}{section.4.1}
\BOOKMARK [2][-]{subsection.4.1.2}{\376\377\000T\000y\000p\000e\000d\000e\000f\000\040\000D\000o\000c\000u\000m\000e\000n\000t\000a\000t\000i\000o\000n}{section.4.1}
\BOOKMARK [3][-]{subsubsection.4.1.2.1}{\376\377\000f\000l\000o\000a\000t\000\137\000t\000y\000p\000e}{subsection.4.1.2}
\BOOKMARK [3][-]{subsubsection.4.1.2.2}{\376\377\000t\000i\000m\000e\000r\000\137\000t\000y\000p\000e}{subsection.4.1.2}
\BOOKMARK [3][-]{subsubsection.4.1.2.3}{\376\377\000m\000i\000l\000l\000i\000s\000e\000c\000o\000n\000d\000s}{subsection.4.1.2}
\BOOKMARK [3][-]{subsubsection.4.1.2.4}{\376\377\000t\000i\000m\000e\000\137\000p\000o\000i\000n\000t}{subsection.4.1.2}
\BOOKMARK [3][-]{subsubsection.4.1.2.5}{\376\377\000d\000u\000r\000a\000t\000i\000o\000n}{subsection.4.1.2}
\BOOKMARK [2][-]{subsection.4.1.3}{\376\377\000F\000u\000n\000c\000t\000i\000o\000n\000\040\000D\000o\000c\000u\000m\000e\000n\000t\000a\000t\000i\000o\000n}{section.4.1}
\BOOKMARK [3][-]{subsubsection.4.1.3.1}{\376\377\000H\000\137\000r\000o\000o\000t}{subsection.4.1.3}
\BOOKMARK [3][-]{subsubsection.4.1.3.2}{\376\377\000v\000e\000l\000o\000c\000i\000t\000y\000\137\000s\000e\000t}{subsection.4.1.3}
\BOOKMARK [0][-]{chapter.5}{\376\377\000C\000l\000a\000s\000s\000\040\000D\000o\000c\000u\000m\000e\000n\000t\000a\000t\000i\000o\000n}{}
\BOOKMARK [1][-]{section.5.1}{\376\377\000l\000b\000:\000:\000c\000o\000o\000r\000d\000i\000n\000a\000t\000e\000<\000\040\000T\000\040\000>\000\040\000S\000t\000r\000u\000c\000t\000\040\000T\000e\000m\000p\000l\000a\000t\000e\000\040\000R\000e\000f\000e\000r\000e\000n\000c\000e}{chapter.5}
\BOOKMARK [2][-]{subsection.5.1.1}{\376\377\000D\000e\000t\000a\000i\000l\000e\000d\000\040\000D\000e\000s\000c\000r\000i\000p\000t\000i\000o\000n}{section.5.1}
\BOOKMARK [2][-]{subsection.5.1.2}{\376\377\000C\000o\000n\000s\000t\000r\000u\000c\000t\000o\000r\000\040\000\046\000\040\000D\000e\000s\000t\000r\000u\000c\000t\000o\000r\000\040\000D\000o\000c\000u\000m\000e\000n\000t\000a\000t\000i\000o\000n}{section.5.1}
\BOOKMARK [3][-]{subsubsection.5.1.2.1}{\376\377\000c\000o\000o\000r\000d\000i\000n\000a\000t\000e}{subsection.5.1.2}
\BOOKMARK [1][-]{section.5.2}{\376\377\000l\000b\000:\000:\000l\000a\000t\000t\000i\000c\000e\000\040\000C\000l\000a\000s\000s\000\040\000R\000e\000f\000e\000r\000e\000n\000c\000e}{chapter.5}
\BOOKMARK [2][-]{subsection.5.2.1}{\376\377\000D\000e\000t\000a\000i\000l\000e\000d\000\040\000D\000e\000s\000c\000r\000i\000p\000t\000i\000o\000n}{section.5.2}
\BOOKMARK [2][-]{subsection.5.2.2}{\376\377\000C\000o\000n\000s\000t\000r\000u\000c\000t\000o\000r\000\040\000\046\000\040\000D\000e\000s\000t\000r\000u\000c\000t\000o\000r\000\040\000D\000o\000c\000u\000m\000e\000n\000t\000a\000t\000i\000o\000n}{section.5.2}
\BOOKMARK [3][-]{subsubsection.5.2.2.1}{\376\377\000l\000a\000t\000t\000i\000c\000e}{subsection.5.2.2}
\BOOKMARK [2][-]{subsection.5.2.3}{\376\377\000M\000e\000m\000b\000e\000r\000\040\000F\000u\000n\000c\000t\000i\000o\000n\000\040\000D\000o\000c\000u\000m\000e\000n\000t\000a\000t\000i\000o\000n}{section.5.2}
\BOOKMARK [3][-]{subsubsection.5.2.3.1}{\376\377\000i\000n\000d\000e\000x}{subsection.5.2.3}
\BOOKMARK [3][-]{subsubsection.5.2.3.2}{\376\377\000b\000e\000g\000i\000n}{subsection.5.2.3}
\BOOKMARK [3][-]{subsubsection.5.2.3.3}{\376\377\000b\000e\000g\000i\000n}{subsection.5.2.3}
\BOOKMARK [3][-]{subsubsection.5.2.3.4}{\376\377\000e\000n\000d}{subsection.5.2.3}
\BOOKMARK [3][-]{subsubsection.5.2.3.5}{\376\377\000e\000n\000d}{subsection.5.2.3}
\BOOKMARK [3][-]{subsubsection.5.2.3.6}{\376\377\000r\000b\000e\000g\000i\000n}{subsection.5.2.3}
\BOOKMARK [3][-]{subsubsection.5.2.3.7}{\376\377\000r\000b\000e\000g\000i\000n}{subsection.5.2.3}
\BOOKMARK [3][-]{subsubsection.5.2.3.8}{\376\377\000r\000e\000n\000d}{subsection.5.2.3}
\BOOKMARK [3][-]{subsubsection.5.2.3.9}{\376\377\000r\000e\000n\000d}{subsection.5.2.3}
\BOOKMARK [3][-]{subsubsection.5.2.3.10}{\376\377\000g\000e\000t\000\137\000n\000o\000d\000e}{subsection.5.2.3}
\BOOKMARK [3][-]{subsubsection.5.2.3.11}{\376\377\000g\000e\000t\000\137\000n\000o\000d\000e}{subsection.5.2.3}
\BOOKMARK [3][-]{subsubsection.5.2.3.12}{\376\377\000g\000e\000t\000\137\000n\000o\000d\000e}{subsection.5.2.3}
\BOOKMARK [3][-]{subsubsection.5.2.3.13}{\376\377\000g\000e\000t\000\137\000n\000o\000d\000e}{subsection.5.2.3}
\BOOKMARK [3][-]{subsubsection.5.2.3.14}{\376\377\000a\000d\000d\000\137\000w\000a\000l\000l}{subsection.5.2.3}
\BOOKMARK [3][-]{subsubsection.5.2.3.15}{\376\377\000w\000r\000i\000t\000e\000\137\000f\000i\000e\000l\000d\000s}{subsection.5.2.3}
\BOOKMARK [1][-]{section.5.3}{\376\377\000l\000b\000:\000:\000n\000o\000d\000e\000\040\000S\000t\000r\000u\000c\000t\000\040\000R\000e\000f\000e\000r\000e\000n\000c\000e}{chapter.5}
\BOOKMARK [2][-]{subsection.5.3.1}{\376\377\000D\000e\000t\000a\000i\000l\000e\000d\000\040\000D\000e\000s\000c\000r\000i\000p\000t\000i\000o\000n}{section.5.3}
\BOOKMARK [2][-]{subsection.5.3.2}{\376\377\000C\000o\000n\000s\000t\000r\000u\000c\000t\000o\000r\000\040\000\046\000\040\000D\000e\000s\000t\000r\000u\000c\000t\000o\000r\000\040\000D\000o\000c\000u\000m\000e\000n\000t\000a\000t\000i\000o\000n}{section.5.3}
\BOOKMARK [3][-]{subsubsection.5.3.2.1}{\376\377\000n\000o\000d\000e}{subsection.5.3.2}
\BOOKMARK [2][-]{subsection.5.3.3}{\376\377\000M\000e\000m\000b\000e\000r\000\040\000F\000u\000n\000c\000t\000i\000o\000n\000\040\000D\000o\000c\000u\000m\000e\000n\000t\000a\000t\000i\000o\000n}{section.5.3}
\BOOKMARK [3][-]{subsubsection.5.3.3.1}{\376\377\000s\000e\000t}{subsection.5.3.3}
\BOOKMARK [3][-]{subsubsection.5.3.3.2}{\376\377\000f}{subsection.5.3.3}
\BOOKMARK [3][-]{subsubsection.5.3.3.3}{\376\377\000f}{subsection.5.3.3}
\BOOKMARK [3][-]{subsubsection.5.3.3.4}{\376\377\000r\000h\000o}{subsection.5.3.3}
\BOOKMARK [3][-]{subsubsection.5.3.3.5}{\376\377\000r\000h\000o}{subsection.5.3.3}
\BOOKMARK [3][-]{subsubsection.5.3.3.6}{\376\377\000u}{subsection.5.3.3}
\BOOKMARK [3][-]{subsubsection.5.3.3.7}{\376\377\000u}{subsection.5.3.3}
\BOOKMARK [3][-]{subsubsection.5.3.3.8}{\376\377\000v}{subsection.5.3.3}
\BOOKMARK [3][-]{subsubsection.5.3.3.9}{\376\377\000v}{subsection.5.3.3}
\BOOKMARK [3][-]{subsubsection.5.3.3.10}{\376\377\000h\000a\000s\000\137\000f\000l\000a\000g\000\137\000p\000r\000o\000p\000e\000r\000t\000y}{subsection.5.3.3}
\BOOKMARK [3][-]{subsubsection.5.3.3.11}{\376\377\000s\000e\000t\000\137\000f\000l\000a\000g\000\137\000p\000r\000o\000p\000e\000r\000t\000y}{subsection.5.3.3}
\BOOKMARK [3][-]{subsubsection.5.3.3.12}{\376\377\000u\000n\000s\000e\000t\000\137\000f\000l\000a\000g\000\137\000p\000r\000o\000p\000e\000r\000t\000y}{subsection.5.3.3}
\BOOKMARK [3][-]{subsubsection.5.3.3.13}{\376\377\000h\000a\000s\000\137\000d\000a\000t\000a\000\137\000p\000r\000o\000p\000e\000r\000t\000y}{subsection.5.3.3}
\BOOKMARK [3][-]{subsubsection.5.3.3.14}{\376\377\000s\000e\000t\000\137\000d\000a\000t\000a\000\137\000p\000r\000o\000p\000e\000r\000t\000y}{subsection.5.3.3}
\BOOKMARK [3][-]{subsubsection.5.3.3.15}{\376\377\000u\000n\000s\000e\000t\000\137\000d\000a\000t\000a\000\137\000p\000r\000o\000p\000e\000r\000t\000y}{subsection.5.3.3}
\BOOKMARK [3][-]{subsubsection.5.3.3.16}{\376\377\000g\000e\000t\000\137\000d\000a\000t\000a\000\137\000p\000r\000o\000p\000e\000r\000t\000y}{subsection.5.3.3}
\BOOKMARK [3][-]{subsubsection.5.3.3.17}{\376\377\000g\000e\000t\000\137\000d\000a\000t\000a\000\137\000p\000r\000o\000p\000e\000r\000t\000y}{subsection.5.3.3}
\BOOKMARK [1][-]{section.5.4}{\376\377\000l\000b\000:\000:\000p\000r\000o\000p\000e\000r\000t\000y\000\137\000a\000r\000r\000a\000y\000\040\000C\000l\000a\000s\000s\000\040\000R\000e\000f\000e\000r\000e\000n\000c\000e}{chapter.5}
\BOOKMARK [2][-]{subsection.5.4.1}{\376\377\000D\000e\000t\000a\000i\000l\000e\000d\000\040\000D\000e\000s\000c\000r\000i\000p\000t\000i\000o\000n}{section.5.4}
\BOOKMARK [2][-]{subsection.5.4.2}{\376\377\000C\000o\000n\000s\000t\000r\000u\000c\000t\000o\000r\000\040\000\046\000\040\000D\000e\000s\000t\000r\000u\000c\000t\000o\000r\000\040\000D\000o\000c\000u\000m\000e\000n\000t\000a\000t\000i\000o\000n}{section.5.4}
\BOOKMARK [3][-]{subsubsection.5.4.2.1}{\376\377\000p\000r\000o\000p\000e\000r\000t\000y\000\137\000a\000r\000r\000a\000y}{subsection.5.4.2}
\BOOKMARK [3][-]{subsubsection.5.4.2.2}{\376\377\000p\000r\000o\000p\000e\000r\000t\000y\000\137\000a\000r\000r\000a\000y}{subsection.5.4.2}
\BOOKMARK [2][-]{subsection.5.4.3}{\376\377\000M\000e\000m\000b\000e\000r\000\040\000F\000u\000n\000c\000t\000i\000o\000n\000\040\000D\000o\000c\000u\000m\000e\000n\000t\000a\000t\000i\000o\000n}{section.5.4}
\BOOKMARK [3][-]{subsubsection.5.4.3.1}{\376\377\000r\000e\000g\000i\000s\000t\000e\000r\000\137\000f\000l\000a\000g\000\137\000p\000r\000o\000p\000e\000r\000t\000y}{subsection.5.4.3}
\BOOKMARK [3][-]{subsubsection.5.4.3.2}{\376\377\000r\000e\000g\000i\000s\000t\000e\000r\000\137\000d\000a\000t\000a\000\137\000p\000r\000o\000p\000e\000r\000t\000y}{subsection.5.4.3}
\BOOKMARK [3][-]{subsubsection.5.4.3.3}{\376\377\000s\000e\000t\000\137\000f\000l\000a\000g\000\137\000p\000r\000o\000p\000e\000r\000t\000y}{subsection.5.4.3}
\BOOKMARK [3][-]{subsubsection.5.4.3.4}{\376\377\000s\000e\000t\000\137\000d\000a\000t\000a\000\137\000p\000r\000o\000p\000e\000r\000t\000y}{subsection.5.4.3}
\BOOKMARK [3][-]{subsubsection.5.4.3.5}{\376\377\000s\000e\000t\000\137\000f\000l\000a\000g\000\137\000p\000r\000o\000p\000e\000r\000t\000y}{subsection.5.4.3}
\BOOKMARK [3][-]{subsubsection.5.4.3.6}{\376\377\000s\000e\000t\000\137\000d\000a\000t\000a\000\137\000p\000r\000o\000p\000e\000r\000t\000y}{subsection.5.4.3}
\BOOKMARK [3][-]{subsubsection.5.4.3.7}{\376\377\000u\000n\000s\000e\000t\000\137\000f\000l\000a\000g\000\137\000p\000r\000o\000p\000e\000r\000t\000y}{subsection.5.4.3}
\BOOKMARK [3][-]{subsubsection.5.4.3.8}{\376\377\000u\000n\000s\000e\000t\000\137\000d\000a\000t\000a\000\137\000p\000r\000o\000p\000e\000r\000t\000y}{subsection.5.4.3}
\BOOKMARK [3][-]{subsubsection.5.4.3.9}{\376\377\000u\000n\000s\000e\000t\000\137\000f\000l\000a\000g\000\137\000p\000r\000o\000p\000e\000r\000t\000y}{subsection.5.4.3}
\BOOKMARK [3][-]{subsubsection.5.4.3.10}{\376\377\000u\000n\000s\000e\000t\000\137\000d\000a\000t\000a\000\137\000p\000r\000o\000p\000e\000r\000t\000y}{subsection.5.4.3}
\BOOKMARK [3][-]{subsubsection.5.4.3.11}{\376\377\000g\000e\000t\000\137\000d\000a\000t\000a\000\137\000p\000r\000o\000p\000e\000r\000t\000y}{subsection.5.4.3}
\BOOKMARK [3][-]{subsubsection.5.4.3.12}{\376\377\000g\000e\000t\000\137\000d\000a\000t\000a\000\137\000p\000r\000o\000p\000e\000r\000t\000y}{subsection.5.4.3}
\BOOKMARK [3][-]{subsubsection.5.4.3.13}{\376\377\000g\000e\000t\000\137\000d\000a\000t\000a\000\137\000p\000r\000o\000p\000e\000r\000t\000y}{subsection.5.4.3}
\BOOKMARK [3][-]{subsubsection.5.4.3.14}{\376\377\000g\000e\000t\000\137\000d\000a\000t\000a\000\137\000p\000r\000o\000p\000e\000r\000t\000y}{subsection.5.4.3}
\BOOKMARK [3][-]{subsubsection.5.4.3.15}{\376\377\000f\000l\000a\000g\000\137\000p\000r\000o\000p\000e\000r\000t\000y\000\137\000i\000n\000d\000e\000x}{subsection.5.4.3}
\BOOKMARK [3][-]{subsubsection.5.4.3.16}{\376\377\000d\000a\000t\000a\000\137\000p\000r\000o\000p\000e\000r\000t\000y\000\137\000i\000n\000d\000e\000x}{subsection.5.4.3}
\BOOKMARK [3][-]{subsubsection.5.4.3.17}{\376\377\000f\000l\000a\000g\000\137\000p\000r\000o\000p\000e\000r\000t\000y\000\137\000n\000a\000m\000e}{subsection.5.4.3}
\BOOKMARK [3][-]{subsubsection.5.4.3.18}{\376\377\000d\000a\000t\000a\000\137\000p\000r\000o\000p\000e\000r\000t\000y\000\137\000n\000a\000m\000e}{subsection.5.4.3}
\BOOKMARK [3][-]{subsubsection.5.4.3.19}{\376\377\000h\000a\000s\000\137\000f\000l\000a\000g\000\137\000p\000r\000o\000p\000e\000r\000t\000y}{subsection.5.4.3}
\BOOKMARK [3][-]{subsubsection.5.4.3.20}{\376\377\000h\000a\000s\000\137\000d\000a\000t\000a\000\137\000p\000r\000o\000p\000e\000r\000t\000y}{subsection.5.4.3}
\BOOKMARK [3][-]{subsubsection.5.4.3.21}{\376\377\000h\000a\000s\000\137\000f\000l\000a\000g\000\137\000p\000r\000o\000p\000e\000r\000t\000y}{subsection.5.4.3}
\BOOKMARK [3][-]{subsubsection.5.4.3.22}{\376\377\000h\000a\000s\000\137\000d\000a\000t\000a\000\137\000p\000r\000o\000p\000e\000r\000t\000y}{subsection.5.4.3}
\BOOKMARK [3][-]{subsubsection.5.4.3.23}{\376\377\000c\000o\000u\000n\000t\000\137\000s\000e\000t\000\137\000f\000l\000a\000g\000\137\000p\000r\000o\000p\000e\000r\000t\000i\000e\000s}{subsection.5.4.3}
\BOOKMARK [3][-]{subsubsection.5.4.3.24}{\376\377\000c\000o\000u\000n\000t\000\137\000s\000e\000t\000\137\000d\000a\000t\000a\000\137\000p\000r\000o\000p\000e\000r\000t\000i\000e\000s}{subsection.5.4.3}
\BOOKMARK [3][-]{subsubsection.5.4.3.25}{\376\377\000c\000o\000u\000n\000t\000\137\000s\000e\000t\000\137\000f\000l\000a\000g\000\137\000p\000r\000o\000p\000e\000r\000t\000i\000e\000s}{subsection.5.4.3}
\BOOKMARK [3][-]{subsubsection.5.4.3.26}{\376\377\000c\000o\000u\000n\000t\000\137\000s\000e\000t\000\137\000d\000a\000t\000a\000\137\000p\000r\000o\000p\000e\000r\000t\000i\000e\000s}{subsection.5.4.3}
\BOOKMARK [3][-]{subsubsection.5.4.3.27}{\376\377\000e\000x\000i\000s\000t\000\137\000d\000a\000t\000a\000\137\000p\000r\000o\000p\000e\000r\000t\000y}{subsection.5.4.3}
\BOOKMARK [3][-]{subsubsection.5.4.3.28}{\376\377\000e\000x\000i\000s\000t\000\137\000f\000l\000a\000g\000\137\000p\000r\000o\000p\000e\000r\000t\000y}{subsection.5.4.3}
\BOOKMARK [1][-]{section.5.5}{\376\377\000l\000b\000:\000:\000s\000i\000m\000u\000l\000a\000t\000i\000o\000n\000\040\000C\000l\000a\000s\000s\000\040\000R\000e\000f\000e\000r\000e\000n\000c\000e}{chapter.5}
\BOOKMARK [2][-]{subsection.5.5.1}{\376\377\000D\000e\000t\000a\000i\000l\000e\000d\000\040\000D\000e\000s\000c\000r\000i\000p\000t\000i\000o\000n}{section.5.5}
\BOOKMARK [2][-]{subsection.5.5.2}{\376\377\000C\000o\000n\000s\000t\000r\000u\000c\000t\000o\000r\000\040\000\046\000\040\000D\000e\000s\000t\000r\000u\000c\000t\000o\000r\000\040\000D\000o\000c\000u\000m\000e\000n\000t\000a\000t\000i\000o\000n}{section.5.5}
\BOOKMARK [3][-]{subsubsection.5.5.2.1}{\376\377\000s\000i\000m\000u\000l\000a\000t\000i\000o\000n}{subsection.5.5.2}
\BOOKMARK [2][-]{subsection.5.5.3}{\376\377\000M\000e\000m\000b\000e\000r\000\040\000F\000u\000n\000c\000t\000i\000o\000n\000\040\000D\000o\000c\000u\000m\000e\000n\000t\000a\000t\000i\000o\000n}{section.5.5}
\BOOKMARK [3][-]{subsubsection.5.5.3.1}{\376\377\000i\000n\000i\000t\000i\000a\000l\000i\000z\000e}{subsection.5.5.3}
\BOOKMARK [3][-]{subsubsection.5.5.3.2}{\376\377\000a\000d\000v\000e\000c\000t}{subsection.5.5.3}
\BOOKMARK [3][-]{subsubsection.5.5.3.3}{\376\377\000w\000r\000i\000t\000e\000\137\000f\000i\000e\000l\000d\000s}{subsection.5.5.3}
\BOOKMARK [2][-]{subsection.5.5.4}{\376\377\000F\000r\000i\000e\000n\000d\000s\000\040\000A\000n\000d\000\040\000R\000e\000l\000a\000t\000e\000d\000\040\000F\000u\000n\000c\000t\000i\000o\000n\000\040\000D\000o\000c\000u\000m\000e\000n\000t\000a\000t\000i\000o\000n}{section.5.5}
\BOOKMARK [3][-]{subsubsection.5.5.4.1}{\376\377\000o\000p\000e\000r\000a\000t\000o\000r\000<\000<}{subsection.5.5.4}
\BOOKMARK [1][-]{section.5.6}{\376\377\000l\000b\000:\000:\000v\0009\000\040\000S\000t\000r\000u\000c\000t\000\040\000R\000e\000f\000e\000r\000e\000n\000c\000e}{chapter.5}
\BOOKMARK [2][-]{subsection.5.6.1}{\376\377\000D\000e\000t\000a\000i\000l\000e\000d\000\040\000D\000e\000s\000c\000r\000i\000p\000t\000i\000o\000n}{section.5.6}
\BOOKMARK [2][-]{subsection.5.6.2}{\376\377\000M\000e\000m\000b\000e\000r\000\040\000F\000u\000n\000c\000t\000i\000o\000n\000\040\000D\000o\000c\000u\000m\000e\000n\000t\000a\000t\000i\000o\000n}{section.5.6}
\BOOKMARK [3][-]{subsubsection.5.6.2.1}{\376\377\000f\000\137\000e\000q}{subsection.5.6.2}
\BOOKMARK [3][-]{subsubsection.5.6.2.2}{\376\377\000e\000q\000u\000i\000l\000i\000b\000r\000a\000t\000e}{subsection.5.6.2}
\BOOKMARK [3][-]{subsubsection.5.6.2.3}{\376\377\000e\000q\000u\000i\000l\000i\000b\000r\000a\000t\000e}{subsection.5.6.2}
\BOOKMARK [0][-]{chapter.6}{\376\377\000F\000i\000l\000e\000\040\000D\000o\000c\000u\000m\000e\000n\000t\000a\000t\000i\000o\000n}{}
\BOOKMARK [1][-]{section.6.1}{\376\377\000g\000l\000o\000b\000a\000l\000.\000h\000p\000p\000\040\000F\000i\000l\000e\000\040\000R\000e\000f\000e\000r\000e\000n\000c\000e}{chapter.6}
\BOOKMARK [2][-]{subsection.6.1.1}{\376\377\000D\000e\000t\000a\000i\000l\000e\000d\000\040\000D\000e\000s\000c\000r\000i\000p\000t\000i\000o\000n}{section.6.1}
\BOOKMARK [1][-]{section.6.2}{\376\377\000H\000\137\000r\000o\000o\000t\000.\000h\000p\000p\000\040\000F\000i\000l\000e\000\040\000R\000e\000f\000e\000r\000e\000n\000c\000e}{chapter.6}
\BOOKMARK [2][-]{subsection.6.2.1}{\376\377\000D\000e\000t\000a\000i\000l\000e\000d\000\040\000D\000e\000s\000c\000r\000i\000p\000t\000i\000o\000n}{section.6.2}
\BOOKMARK [1][-]{section.6.3}{\376\377\000l\000a\000t\000t\000i\000c\000e\000.\000h\000p\000p\000\040\000F\000i\000l\000e\000\040\000R\000e\000f\000e\000r\000e\000n\000c\000e}{chapter.6}
\BOOKMARK [2][-]{subsection.6.3.1}{\376\377\000D\000e\000t\000a\000i\000l\000e\000d\000\040\000D\000e\000s\000c\000r\000i\000p\000t\000i\000o\000n}{section.6.3}
\BOOKMARK [1][-]{section.6.4}{\376\377\000p\000r\000o\000p\000e\000r\000t\000y\000\137\000a\000r\000r\000a\000y\000.\000h\000p\000p\000\040\000F\000i\000l\000e\000\040\000R\000e\000f\000e\000r\000e\000n\000c\000e}{chapter.6}
\BOOKMARK [2][-]{subsection.6.4.1}{\376\377\000D\000e\000t\000a\000i\000l\000e\000d\000\040\000D\000e\000s\000c\000r\000i\000p\000t\000i\000o\000n}{section.6.4}
\BOOKMARK [1][-]{section.6.5}{\376\377\000s\000i\000m\000u\000l\000a\000t\000i\000o\000n\000.\000h\000p\000p\000\040\000F\000i\000l\000e\000\040\000R\000e\000f\000e\000r\000e\000n\000c\000e}{chapter.6}
\BOOKMARK [2][-]{subsection.6.5.1}{\376\377\000D\000e\000t\000a\000i\000l\000e\000d\000\040\000D\000e\000s\000c\000r\000i\000p\000t\000i\000o\000n}{section.6.5}
\BOOKMARK [1][-]{section.6.6}{\376\377\000v\000e\000l\000o\000c\000i\000t\000y\000\137\000s\000e\000t\000.\000h\000p\000p\000\040\000F\000i\000l\000e\000\040\000R\000e\000f\000e\000r\000e\000n\000c\000e}{chapter.6}
\BOOKMARK [2][-]{subsection.6.6.1}{\376\377\000D\000e\000t\000a\000i\000l\000e\000d\000\040\000D\000e\000s\000c\000r\000i\000p\000t\000i\000o\000n}{section.6.6}
